140302 19:18:46 InnoDB: The InnoDB memory heap is disabled
140302 19:18:46 InnoDB: Mutexes and rw_locks use Windows interlocked functions
140302 19:18:46 InnoDB: Compressed tables use zlib 1.2.3
140302 19:18:46 InnoDB: Initializing buffer pool, size = 128.0M
140302 19:18:46 InnoDB: Completed initialization of buffer pool
InnoDB: The first specified data file .\ibdata1 did not exist:
InnoDB: a new database to be created!
140302 19:18:46  InnoDB: Setting file .\ibdata1 size to 10 MB
InnoDB: Database physically writes the file full: wait...
140302 19:18:46  InnoDB: Log file .\ib_logfile0 did not exist: new to be created
InnoDB: Setting log file .\ib_logfile0 size to 5 MB
InnoDB: Database physically writes the file full: wait...
140302 19:18:46  InnoDB: Log file .\ib_logfile1 did not exist: new to be created
InnoDB: Setting log file .\ib_logfile1 size to 5 MB
InnoDB: Database physically writes the file full: wait...
InnoDB: Doublewrite buffer not found: creating new
InnoDB: Doublewrite buffer created
InnoDB: 127 rollback segment(s) active.
InnoDB: Creating foreign key constraint system tables
InnoDB: Foreign key constraint system tables created
140302 19:18:46  InnoDB: Waiting for the background threads to start
140302 19:18:47 Percona XtraDB (http://www.percona.com) 5.5.36-MariaDB-33.0 started; log sequence number 0
140302 19:18:47 [Note] Plugin 'FEEDBACK' is disabled.
140302 19:18:47 [Note] Server socket created on IP: '::'.
140302 19:18:47 [Note] Event Scheduler: Loaded 0 events
140302 19:18:47 [Note] mysqld: ready for connections.
Version: '5.5.36-MariaDB'  socket: ''  port: 3306  mariadb.org binary distribution
